SF:lib\cubit\counter_state.dart
DA:4,3
DA:8,2
DA:9,4
LF:3
LH:3
end_of_record
SF:lib\cubit\counter_cubit.dart
DA:9,6
DA:11,2
DA:13,4
DA:14,2
LF:4
LH:4
end_of_record
SF:lib\business_logic\increment_counter_state.dart
DA:3,2
DA:4,4
DA:5,2
LF:3
LH:3
end_of_record
SF:lib\model\counter.dart
DA:2,0
LF:1
LH:0
end_of_record
SF:lib\counter_app.dart
DA:8,1
DA:10,1
DA:12,1
DA:13,1
DA:14,2
DA:15,1
LF:6
LH:6
end_of_record
SF:lib\presentation\screens\home_screen.dart
DA:7,2
DA:11,1
DA:13,1
DA:14,1
DA:15,2
DA:17,1
DA:18,1
DA:20,1
DA:21,1
DA:24,1
DA:25,1
DA:26,1
DA:27,2
DA:28,3
DA:35,1
LF:15
LH:15
end_of_record
SF:lib\presentation\theme\counter_theme.dart
DA:3,1
DA:4,1
LF:2
LH:2
end_of_record
SF:lib\presentation\widgets\increment_fab.dart
DA:6,1
DA:8,1
DA:10,1
DA:12,1
DA:13,1
DA:14,3
DA:16,1
LF:7
LH:7
end_of_record
